<?xml version="1.0" encoding="UTF-8"?>
<!-- Generated by org.testng.reporters.JUnitReportReporter -->
<testsuite skipped="0" hostname="DESKTOP-RU7T28A" name="IntegrationTests.IntegrationTestsCommentsValidations" tests="1" failures="0" timestamp="23 Jan 2020 19:12:04 GMT" time="7.099" errors="0">
  <testcase name="testValidateCommentsEmailByUserName" time="7.099" classname="IntegrationTests.IntegrationTestsCommentsValidations"/>
</testsuite> <!-- IntegrationTests.IntegrationTestsCommentsValidations -->
