<?xml version="1.0" encoding="UTF-8"?>
<!-- Generated by org.testng.reporters.JUnitReportReporter -->
<testsuite skipped="0" hostname="DESKTOP-RU7T28A" name="com.testcases.SingleUserTestCases" tests="1" failures="0" timestamp="24 Jan 2020 16:26:06 GMT" time="3.330" errors="0">
  <testcase name="testValidateUserNotExist" time="3.330" classname="com.testcases.SingleUserTestCases"/>
</testsuite> <!-- com.testcases.SingleUserTestCases -->
