<?xml version="1.0" encoding="UTF-8"?>
<!-- Generated by org.testng.reporters.JUnitReportReporter -->
<testsuite skipped="0" hostname="DESKTOP-RU7T28A" name="com.testcases.SinglePhotosTestCases" tests="3" failures="0" timestamp="23 Jan 2020 18:47:00 GMT" time="3.564" errors="0">
  <testcase name="testSinglePhotoCase1" time="0.325" classname="com.testcases.SinglePhotosTestCases"/>
  <testcase name="testSinglePhotoCase1" time="2.920" classname="com.testcases.SinglePhotosTestCases"/>
  <testcase name="testSinglePhotoCase1" time="0.319" classname="com.testcases.SinglePhotosTestCases"/>
</testsuite> <!-- com.testcases.SinglePhotosTestCases -->
