<?xml version="1.0" encoding="UTF-8"?>
<!-- Generated by org.testng.reporters.JUnitReportReporter -->
<testsuite skipped="0" hostname="DESKTOP-RU7T28A" name="com.IntegrationTests.IntegrationTestsCommentsValidations" tests="1" failures="0" timestamp="24 Jan 2020 04:17:08 GMT" time="17.527" errors="0">
  <testcase name="testValidateCommentsEmailByUserName" time="17.527" classname="com.IntegrationTests.IntegrationTestsCommentsValidations"/>
</testsuite> <!-- com.IntegrationTests.IntegrationTestsCommentsValidations -->
